workdir = /opt/taomee/hadoop/bigdata
workdir = /opt/taomee/hadoop/bigdata
args 0 = -jobName
args 1 = Active 1 day Keep 20140617
args 2 = -outKey
args 3 = org.apache.hadoop.io.Text
args 4 = -outValue
args 5 = org.apache.hadoop.io.IntWritable
args 6 = -inFormat
args 7 = org.apache.hadoop.mapred.TextInputFormat
args 8 = -outFormat
args 9 = org.apache.hadoop.mapred.TextOutputFormat
args 10 = -addInput
args 11 = /bigdata/output/day/20140616/basic/lgac-*,com.taomee.bigdata.task.common.SourceActiveMapper
args 12 = -addInput
args 13 = /bigdata/output/day/20140617/basic/lgac-*,com.taomee.bigdata.task.nday.SourceNDay1Mapper
args 14 = -reducerClass
args 15 = com.taomee.bigdata.task.keep.KeepReducer
args 16 = -output
args 17 = /bigdata/output/day/20140617/active-keep-1
val /bigdata/output/day/20140616/basic/lgac-*,com.taomee.bigdata.task.common.SourceActiveMapper
val /bigdata/output/day/20140617/basic/lgac-*,com.taomee.bigdata.task.nday.SourceNDay1Mapper
14/06/18 10:28:04 INFO mapred.FileInputFormat: Total input paths to process : 1
14/06/18 10:28:04 INFO mapred.FileInputFormat: Total input paths to process : 1
14/06/18 10:28:11 INFO mapred.JobClient: Running job: job_201403291134_391934
14/06/18 10:28:12 INFO mapred.JobClient:  map 0% reduce 0%
14/06/18 10:28:26 INFO mapred.JobClient:  map 2% reduce 0%
14/06/18 10:28:28 INFO mapred.JobClient:  map 3% reduce 0%
14/06/18 10:28:29 INFO mapred.JobClient:  map 5% reduce 0%
14/06/18 10:28:30 INFO mapred.JobClient:  map 7% reduce 0%
14/06/18 10:28:31 INFO mapred.JobClient:  map 8% reduce 0%
14/06/18 10:28:32 INFO mapred.JobClient:  map 10% reduce 0%
14/06/18 10:28:33 INFO mapred.JobClient:  map 13% reduce 0%
14/06/18 10:28:34 INFO mapred.JobClient:  map 14% reduce 0%
14/06/18 10:28:35 INFO mapred.JobClient:  map 16% reduce 0%
14/06/18 10:28:36 INFO mapred.JobClient:  map 20% reduce 0%
14/06/18 10:28:37 INFO mapred.JobClient:  map 21% reduce 0%
14/06/18 10:28:38 INFO mapred.JobClient:  map 24% reduce 0%
14/06/18 10:28:39 INFO mapred.JobClient:  map 26% reduce 0%
14/06/18 10:28:40 INFO mapred.JobClient:  map 28% reduce 0%
14/06/18 10:28:41 INFO mapred.JobClient:  map 31% reduce 0%
14/06/18 10:28:42 INFO mapred.JobClient:  map 34% reduce 0%
14/06/18 10:28:43 INFO mapred.JobClient:  map 36% reduce 0%
14/06/18 10:28:44 INFO mapred.JobClient:  map 39% reduce 0%
14/06/18 10:28:45 INFO mapred.JobClient:  map 42% reduce 0%
14/06/18 10:28:46 INFO mapred.JobClient:  map 44% reduce 0%
14/06/18 10:28:47 INFO mapred.JobClient:  map 50% reduce 0%
14/06/18 10:28:48 INFO mapred.JobClient:  map 53% reduce 0%
14/06/18 10:28:50 INFO mapred.JobClient:  map 55% reduce 0%
14/06/18 10:28:51 INFO mapred.JobClient:  map 60% reduce 0%
14/06/18 10:28:52 INFO mapred.JobClient:  map 64% reduce 0%
14/06/18 10:28:53 INFO mapred.JobClient:  map 65% reduce 0%
14/06/18 10:28:54 INFO mapred.JobClient:  map 68% reduce 0%
14/06/18 10:28:55 INFO mapred.JobClient:  map 72% reduce 0%
14/06/18 10:28:56 INFO mapred.JobClient:  map 73% reduce 0%
14/06/18 10:28:57 INFO mapred.JobClient:  map 76% reduce 0%
14/06/18 10:28:58 INFO mapred.JobClient:  map 80% reduce 0%
14/06/18 10:29:00 INFO mapred.JobClient:  map 82% reduce 0%
14/06/18 10:29:01 INFO mapred.JobClient:  map 85% reduce 0%
14/06/18 10:29:02 INFO mapred.JobClient:  map 86% reduce 0%
14/06/18 10:29:03 INFO mapred.JobClient:  map 87% reduce 3%
14/06/18 10:29:04 INFO mapred.JobClient:  map 90% reduce 9%
14/06/18 10:29:05 INFO mapred.JobClient:  map 90% reduce 11%
14/06/18 10:29:06 INFO mapred.JobClient:  map 91% reduce 12%
14/06/18 10:29:07 INFO mapred.JobClient:  map 93% reduce 15%
14/06/18 10:29:09 INFO mapred.JobClient:  map 94% reduce 15%
14/06/18 10:29:10 INFO mapred.JobClient:  map 95% reduce 15%
14/06/18 10:29:12 INFO mapred.JobClient:  map 95% reduce 17%
14/06/18 10:29:13 INFO mapred.JobClient:  map 96% reduce 20%
14/06/18 10:29:14 INFO mapred.JobClient:  map 96% reduce 21%
14/06/18 10:29:15 INFO mapred.JobClient:  map 97% reduce 21%
14/06/18 10:29:16 INFO mapred.JobClient:  map 98% reduce 23%
14/06/18 10:29:18 INFO mapred.JobClient:  map 98% reduce 24%
14/06/18 10:29:19 INFO mapred.JobClient:  map 99% reduce 27%
14/06/18 10:29:21 INFO mapred.JobClient:  map 100% reduce 27%
14/06/18 10:29:22 INFO mapred.JobClient:  map 100% reduce 28%
14/06/18 10:29:25 INFO mapred.JobClient:  map 100% reduce 37%
14/06/18 10:29:26 INFO mapred.JobClient:  map 100% reduce 69%
14/06/18 10:29:27 INFO mapred.JobClient:  map 100% reduce 74%
14/06/18 10:29:28 INFO mapred.JobClient:  map 100% reduce 78%
14/06/18 10:29:30 INFO mapred.JobClient:  map 100% reduce 100%
14/06/18 10:29:30 INFO mapred.JobClient: Job complete: job_201403291134_391934
14/06/18 10:29:30 INFO mapred.JobClient: Counters: 30
14/06/18 10:29:30 INFO mapred.JobClient:   Job Counters 
14/06/18 10:29:30 INFO mapred.JobClient:     Launched reduce tasks=16
14/06/18 10:29:30 INFO mapred.JobClient:     SLOTS_MILLIS_MAPS=829591
14/06/18 10:29:30 INFO mapred.JobClient:     Total time spent by all reduces waiting after reserving slots (ms)=0
14/06/18 10:29:30 INFO mapred.JobClient:     Total time spent by all maps waiting after reserving slots (ms)=0
14/06/18 10:29:30 INFO mapred.JobClient:     Launched map tasks=21
14/06/18 10:29:30 INFO mapred.JobClient:     Data-local map tasks=21
14/06/18 10:29:30 INFO mapred.JobClient:     SLOTS_MILLIS_REDUCES=508679
14/06/18 10:29:30 INFO mapred.JobClient:   File Input Format Counters 
14/06/18 10:29:30 INFO mapred.JobClient:     Bytes Read=0
14/06/18 10:29:30 INFO mapred.JobClient:   File Output Format Counters 
14/06/18 10:29:30 INFO mapred.JobClient:     Bytes Written=19852606
14/06/18 10:29:30 INFO mapred.JobClient:   FileSystemCounters
14/06/18 10:29:30 INFO mapred.JobClient:     FILE_BYTES_READ=196961473
14/06/18 10:29:30 INFO mapred.JobClient:     HDFS_BYTES_READ=1335898559
14/06/18 10:29:30 INFO mapred.JobClient:     FILE_BYTES_WRITTEN=396225251
14/06/18 10:29:30 INFO mapred.JobClient:     HDFS_BYTES_WRITTEN=19887460
14/06/18 10:29:30 INFO mapred.JobClient:   Map-Reduce Framework
14/06/18 10:29:30 INFO mapred.JobClient:     Map output materialized bytes=196963393
14/06/18 10:29:30 INFO mapred.JobClient:     Map input records=6415532
14/06/18 10:29:30 INFO mapred.JobClient:     Reduce shuffle bytes=196963393
14/06/18 10:29:30 INFO mapred.JobClient:     Spilled Records=12831064
14/06/18 10:29:30 INFO mapred.JobClient:     Map output bytes=184130313
14/06/18 10:29:30 INFO mapred.JobClient:     Total committed heap usage (bytes)=77700399104
14/06/18 10:29:30 INFO mapred.JobClient:     CPU time spent (ms)=896330
14/06/18 10:29:30 INFO mapred.JobClient:     Map input bytes=1335815350
14/06/18 10:29:30 INFO mapred.JobClient:     SPLIT_RAW_BYTES=5385
14/06/18 10:29:30 INFO mapred.JobClient:     Combine input records=0
14/06/18 10:29:30 INFO mapred.JobClient:     Reduce input records=6415532
14/06/18 10:29:30 INFO mapred.JobClient:     Reduce input groups=2200993
14/06/18 10:29:30 INFO mapred.JobClient:     Combine output records=0
14/06/18 10:29:30 INFO mapred.JobClient:     Physical memory (bytes) snapshot=31321772032
14/06/18 10:29:30 INFO mapred.JobClient:     Reduce output records=753984
14/06/18 10:29:30 INFO mapred.JobClient:     Virtual memory (bytes) snapshot=93719420928
14/06/18 10:29:30 INFO mapred.JobClient:     Map output records=6415532
input path = /bigdata/output/day/20140617/active-keep-1/part-*
output path = /bigdata/output/sum/20140617/active-keep-1
set combiner class class com.taomee.bigdata.task.nday.NDaySumCombiner
14/06/18 10:29:32 INFO mapred.FileInputFormat: Total input paths to process : 16
14/06/18 10:29:33 INFO mapred.JobClient: Running job: job_201403291134_391935
14/06/18 10:29:34 INFO mapred.JobClient:  map 0% reduce 0%
14/06/18 10:29:40 INFO mapred.JobClient:  map 12% reduce 0%
14/06/18 10:29:41 INFO mapred.JobClient:  map 68% reduce 0%
14/06/18 10:29:42 INFO mapred.JobClient:  map 87% reduce 0%
14/06/18 10:29:43 INFO mapred.JobClient:  map 100% reduce 0%
14/06/18 10:29:47 INFO mapred.JobClient:  map 100% reduce 16%
14/06/18 10:29:48 INFO mapred.JobClient:  map 100% reduce 33%
14/06/18 10:29:49 INFO mapred.JobClient:  map 100% reduce 66%
14/06/18 10:29:50 INFO mapred.JobClient:  map 100% reduce 100%
14/06/18 10:29:50 INFO mapred.JobClient: Job complete: job_201403291134_391935
14/06/18 10:29:50 INFO mapred.JobClient: Counters: 31
14/06/18 10:29:50 INFO mapred.JobClient:   Job Counters 
14/06/18 10:29:50 INFO mapred.JobClient:     Launched reduce tasks=2
14/06/18 10:29:50 INFO mapred.JobClient:     SLOTS_MILLIS_MAPS=66216
14/06/18 10:29:50 INFO mapred.JobClient:     Total time spent by all reduces waiting after reserving slots (ms)=0
14/06/18 10:29:50 INFO mapred.JobClient:     Total time spent by all maps waiting after reserving slots (ms)=0
14/06/18 10:29:50 INFO mapred.JobClient:     Rack-local map tasks=2
14/06/18 10:29:50 INFO mapred.JobClient:     Launched map tasks=16
14/06/18 10:29:50 INFO mapred.JobClient:     Data-local map tasks=14
14/06/18 10:29:50 INFO mapred.JobClient:     SLOTS_MILLIS_REDUCES=18586
14/06/18 10:29:50 INFO mapred.JobClient:   File Input Format Counters 
14/06/18 10:29:50 INFO mapred.JobClient:     Bytes Read=19852606
14/06/18 10:29:50 INFO mapred.JobClient:   File Output Format Counters 
14/06/18 10:29:50 INFO mapred.JobClient:     Bytes Written=3218
14/06/18 10:29:50 INFO mapred.JobClient:   FileSystemCounters
14/06/18 10:29:50 INFO mapred.JobClient:     FILE_BYTES_READ=41557
14/06/18 10:29:50 INFO mapred.JobClient:     HDFS_BYTES_READ=19854638
14/06/18 10:29:50 INFO mapred.JobClient:     FILE_BYTES_WRITTEN=1195418
14/06/18 10:29:50 INFO mapred.JobClient:     HDFS_BYTES_WRITTEN=3218
14/06/18 10:29:50 INFO mapred.JobClient:   Map-Reduce Framework
14/06/18 10:29:50 INFO mapred.JobClient:     Map output materialized bytes=41737
14/06/18 10:29:50 INFO mapred.JobClient:     Map input records=753984
14/06/18 10:29:50 INFO mapred.JobClient:     Reduce shuffle bytes=41737
14/06/18 10:29:50 INFO mapred.JobClient:     Spilled Records=3780
14/06/18 10:29:50 INFO mapred.JobClient:     Map output bytes=11578618
14/06/18 10:29:50 INFO mapred.JobClient:     Total committed heap usage (bytes)=37044486144
14/06/18 10:29:50 INFO mapred.JobClient:     CPU time spent (ms)=60900
14/06/18 10:29:50 INFO mapred.JobClient:     Map input bytes=19852606
14/06/18 10:29:50 INFO mapred.JobClient:     SPLIT_RAW_BYTES=2032
14/06/18 10:29:50 INFO mapred.JobClient:     Combine input records=753984
14/06/18 10:29:50 INFO mapred.JobClient:     Reduce input records=1890
14/06/18 10:29:50 INFO mapred.JobClient:     Reduce input groups=156
14/06/18 10:29:50 INFO mapred.JobClient:     Combine output records=1890
14/06/18 10:29:50 INFO mapred.JobClient:     Physical memory (bytes) snapshot=15679119360
14/06/18 10:29:50 INFO mapred.JobClient:     Reduce output records=156
14/06/18 10:29:50 INFO mapred.JobClient:     Virtual memory (bytes) snapshot=45408870400
14/06/18 10:29:50 INFO mapred.JobClient:     Map output records=753984
14/06/18 10:29:50 INFO client.HdfsDataFetchJob: 【com.taomee.bigdata.client.HdfsDataFetchJob is startting...】
/bigdata/output/sum/20140617/active-keep-1/part*
find file: /bigdata/output/sum/20140617/active-keep-1/part-00000
find file: /bigdata/output/sum/20140617/active-keep-1/part-00001
14/06/18 10:29:51 INFO client.HdfsDataFetchJob: 【com.taomee.bigdata.client.HdfsDataFetchJob start successful，Time: 2014-06-18 10:29:51】
Queue file count is: 2
/bigdata/output/sum/20140617/active-keep-1/part-00000 have finished over.
/bigdata/output/sum/20140617/active-keep-1/part-00001 have finished over.
Job has finished at: 2014-06-18 10:29:55, cost(s): 3
args 0 = -jobName
args 1 = Active 7 day Keep 20140617
args 2 = -outKey
args 3 = org.apache.hadoop.io.Text
args 4 = -outValue
args 5 = org.apache.hadoop.io.IntWritable
args 6 = -inFormat
args 7 = org.apache.hadoop.mapred.TextInputFormat
args 8 = -outFormat
args 9 = org.apache.hadoop.mapred.TextOutputFormat
args 10 = -addInput
args 11 = /bigdata/output/day/20140610/basic/lgac-*,com.taomee.bigdata.task.common.SourceActiveMapper
args 12 = -addInput
args 13 = /bigdata/output/day/20140617/basic/lgac-*,com.taomee.bigdata.task.nday.SourceNDay7Mapper
args 14 = -reducerClass
args 15 = com.taomee.bigdata.task.keep.KeepReducer
args 16 = -output
args 17 = /bigdata/output/day/20140617/active-keep-7
val /bigdata/output/day/20140610/basic/lgac-*,com.taomee.bigdata.task.common.SourceActiveMapper
val /bigdata/output/day/20140617/basic/lgac-*,com.taomee.bigdata.task.nday.SourceNDay7Mapper
14/06/18 10:29:57 INFO mapred.FileInputFormat: Total input paths to process : 1
14/06/18 10:29:57 INFO mapred.FileInputFormat: Total input paths to process : 1
14/06/18 10:30:00 INFO mapred.JobClient: Running job: job_201403291134_391937
14/06/18 10:30:01 INFO mapred.JobClient:  map 0% reduce 0%
14/06/18 10:30:40 INFO mapred.JobClient:  map 4% reduce 0%
14/06/18 10:30:41 INFO mapred.JobClient:  map 8% reduce 0%
14/06/18 10:30:42 INFO mapred.JobClient:  map 10% reduce 0%
14/06/18 10:30:43 INFO mapred.JobClient:  map 13% reduce 0%
14/06/18 10:30:44 INFO mapred.JobClient:  map 16% reduce 0%
14/06/18 10:30:45 INFO mapred.JobClient:  map 18% reduce 0%
14/06/18 10:30:46 INFO mapred.JobClient:  map 25% reduce 0%
14/06/18 10:30:47 INFO mapred.JobClient:  map 28% reduce 0%
14/06/18 10:30:48 INFO mapred.JobClient:  map 30% reduce 0%
14/06/18 10:30:49 INFO mapred.JobClient:  map 36% reduce 0%
14/06/18 10:30:50 INFO mapred.JobClient:  map 40% reduce 0%
14/06/18 10:30:51 INFO mapred.JobClient:  map 41% reduce 0%
14/06/18 10:30:52 INFO mapred.JobClient:  map 43% reduce 0%
14/06/18 10:30:53 INFO mapred.JobClient:  map 48% reduce 0%
14/06/18 10:30:54 INFO mapred.JobClient:  map 49% reduce 0%
14/06/18 10:30:55 INFO mapred.JobClient:  map 52% reduce 0%
14/06/18 10:30:56 INFO mapred.JobClient:  map 57% reduce 0%
14/06/18 10:30:57 INFO mapred.JobClient:  map 58% reduce 0%
14/06/18 10:30:58 INFO mapred.JobClient:  map 59% reduce 1%
14/06/18 10:30:59 INFO mapred.JobClient:  map 65% reduce 1%
14/06/18 10:31:00 INFO mapred.JobClient:  map 66% reduce 1%
14/06/18 10:31:01 INFO mapred.JobClient:  map 68% reduce 1%
14/06/18 10:31:02 INFO mapred.JobClient:  map 74% reduce 1%
14/06/18 10:31:03 INFO mapred.JobClient:  map 75% reduce 1%
14/06/18 10:31:04 INFO mapred.JobClient:  map 78% reduce 1%
14/06/18 10:31:05 INFO mapred.JobClient:  map 83% reduce 1%
14/06/18 10:31:07 INFO mapred.JobClient:  map 85% reduce 1%
14/06/18 10:31:08 INFO mapred.JobClient:  map 89% reduce 1%
14/06/18 10:31:09 INFO mapred.JobClient:  map 90% reduce 1%
14/06/18 10:31:10 INFO mapred.JobClient:  map 91% reduce 1%
14/06/18 10:31:11 INFO mapred.JobClient:  map 93% reduce 1%
14/06/18 10:31:13 INFO mapred.JobClient:  map 94% reduce 12%
14/06/18 10:31:14 INFO mapred.JobClient:  map 96% reduce 22%
14/06/18 10:31:16 INFO mapred.JobClient:  map 97% reduce 22%
14/06/18 10:31:17 INFO mapred.JobClient:  map 98% reduce 22%
14/06/18 10:31:20 INFO mapred.JobClient:  map 99% reduce 22%
14/06/18 10:31:22 INFO mapred.JobClient:  map 99% reduce 25%
14/06/18 10:31:23 INFO mapred.JobClient:  map 100% reduce 26%
14/06/18 10:31:28 INFO mapred.JobClient:  map 100% reduce 53%
14/06/18 10:31:29 INFO mapred.JobClient:  map 100% reduce 62%
14/06/18 10:31:31 INFO mapred.JobClient:  map 100% reduce 100%
14/06/18 10:31:34 INFO mapred.JobClient: Job complete: job_201403291134_391937
14/06/18 10:31:34 INFO mapred.JobClient: Counters: 31
14/06/18 10:31:34 INFO mapred.JobClient:   Job Counters 
14/06/18 10:31:34 INFO mapred.JobClient:     Launched reduce tasks=16
14/06/18 10:31:34 INFO mapred.JobClient:     SLOTS_MILLIS_MAPS=700112
14/06/18 10:31:34 INFO mapred.JobClient:     Total time spent by all reduces waiting after reserving slots (ms)=0
14/06/18 10:31:34 INFO mapred.JobClient:     Total time spent by all maps waiting after reserving slots (ms)=0
14/06/18 10:31:34 INFO mapred.JobClient:     Rack-local map tasks=2
14/06/18 10:31:34 INFO mapred.JobClient:     Launched map tasks=18
14/06/18 10:31:34 INFO mapred.JobClient:     Data-local map tasks=16
14/06/18 10:31:34 INFO mapred.JobClient:     SLOTS_MILLIS_REDUCES=626942
14/06/18 10:31:34 INFO mapred.JobClient:   File Input Format Counters 
14/06/18 10:31:34 INFO mapred.JobClient:     Bytes Read=0
14/06/18 10:31:34 INFO mapred.JobClient:   File Output Format Counters 
14/06/18 10:31:34 INFO mapred.JobClient:     Bytes Written=10067474
14/06/18 10:31:34 INFO mapred.JobClient:   FileSystemCounters
14/06/18 10:31:34 INFO mapred.JobClient:     FILE_BYTES_READ=168509911
14/06/18 10:31:34 INFO mapred.JobClient:     HDFS_BYTES_READ=1157449226
14/06/18 10:31:34 INFO mapred.JobClient:     FILE_BYTES_WRITTEN=339134684
14/06/18 10:31:34 INFO mapred.JobClient:     HDFS_BYTES_WRITTEN=10099756
14/06/18 10:31:34 INFO mapred.JobClient:   Map-Reduce Framework
14/06/18 10:31:34 INFO mapred.JobClient:     Map output materialized bytes=168511543
14/06/18 10:31:34 INFO mapred.JobClient:     Map input records=5521482
14/06/18 10:31:34 INFO mapred.JobClient:     Reduce shuffle bytes=168511543
14/06/18 10:31:34 INFO mapred.JobClient:     Spilled Records=11042964
14/06/18 10:31:34 INFO mapred.JobClient:     Map output bytes=157466851
14/06/18 10:31:34 INFO mapred.JobClient:     Total committed heap usage (bytes)=71309656064
14/06/18 10:31:34 INFO mapred.JobClient:     CPU time spent (ms)=733470
14/06/18 10:31:34 INFO mapred.JobClient:     Map input bytes=1157379079
14/06/18 10:31:34 INFO mapred.JobClient:     SPLIT_RAW_BYTES=4611
14/06/18 10:31:34 INFO mapred.JobClient:     Combine input records=0
14/06/18 10:31:34 INFO mapred.JobClient:     Reduce input records=5521482
14/06/18 10:31:34 INFO mapred.JobClient:     Reduce input groups=2249388
14/06/18 10:31:34 INFO mapred.JobClient:     Combine output records=0
14/06/18 10:31:34 INFO mapred.JobClient:     Physical memory (bytes) snapshot=27154780160
14/06/18 10:31:34 INFO mapred.JobClient:     Reduce output records=386395
14/06/18 10:31:34 INFO mapred.JobClient:     Virtual memory (bytes) snapshot=85928656896
14/06/18 10:31:34 INFO mapred.JobClient:     Map output records=5521482
input path = /bigdata/output/day/20140617/active-keep-7/part-*
output path = /bigdata/output/sum/20140617/active-keep-7
set combiner class class com.taomee.bigdata.task.nday.NDaySumCombiner
14/06/18 10:31:36 INFO mapred.FileInputFormat: Total input paths to process : 16
14/06/18 10:31:36 INFO mapred.JobClient: Running job: job_201403291134_391938
14/06/18 10:31:37 INFO mapred.JobClient:  map 0% reduce 0%
14/06/18 10:31:45 INFO mapred.JobClient:  map 50% reduce 0%
14/06/18 10:31:46 INFO mapred.JobClient:  map 93% reduce 0%
14/06/18 10:31:47 INFO mapred.JobClient:  map 100% reduce 0%
14/06/18 10:31:53 INFO mapred.JobClient:  map 100% reduce 16%
14/06/18 10:31:54 INFO mapred.JobClient:  map 100% reduce 66%
14/06/18 10:31:55 INFO mapred.JobClient:  map 100% reduce 100%
14/06/18 10:31:56 INFO mapred.JobClient: Job complete: job_201403291134_391938
14/06/18 10:31:56 INFO mapred.JobClient: Counters: 31
14/06/18 10:31:56 INFO mapred.JobClient:   Job Counters 
14/06/18 10:31:56 INFO mapred.JobClient:     Launched reduce tasks=2
14/06/18 10:31:56 INFO mapred.JobClient:     SLOTS_MILLIS_MAPS=55742
14/06/18 10:31:56 INFO mapred.JobClient:     Total time spent by all reduces waiting after reserving slots (ms)=0
14/06/18 10:31:56 INFO mapred.JobClient:     Total time spent by all maps waiting after reserving slots (ms)=0
14/06/18 10:31:56 INFO mapred.JobClient:     Rack-local map tasks=1
14/06/18 10:31:56 INFO mapred.JobClient:     Launched map tasks=16
14/06/18 10:31:56 INFO mapred.JobClient:     Data-local map tasks=15
14/06/18 10:31:56 INFO mapred.JobClient:     SLOTS_MILLIS_REDUCES=19334
14/06/18 10:31:56 INFO mapred.JobClient:   File Input Format Counters 
14/06/18 10:31:56 INFO mapred.JobClient:     Bytes Read=10067474
14/06/18 10:31:56 INFO mapred.JobClient:   File Output Format Counters 
14/06/18 10:31:56 INFO mapred.JobClient:     Bytes Written=678
14/06/18 10:31:56 INFO mapred.JobClient:   FileSystemCounters
14/06/18 10:31:56 INFO mapred.JobClient:     FILE_BYTES_READ=8234
14/06/18 10:31:56 INFO mapred.JobClient:     HDFS_BYTES_READ=10069506
14/06/18 10:31:56 INFO mapred.JobClient:     FILE_BYTES_WRITTEN=1128772
14/06/18 10:31:56 INFO mapred.JobClient:     HDFS_BYTES_WRITTEN=678
14/06/18 10:31:56 INFO mapred.JobClient:   Map-Reduce Framework
14/06/18 10:31:56 INFO mapred.JobClient:     Map output materialized bytes=8414
14/06/18 10:31:56 INFO mapred.JobClient:     Map input records=386395
14/06/18 10:31:56 INFO mapred.JobClient:     Reduce shuffle bytes=8414
14/06/18 10:31:56 INFO mapred.JobClient:     Spilled Records=874
14/06/18 10:31:56 INFO mapred.JobClient:     Map output bytes=5868866
14/06/18 10:31:56 INFO mapred.JobClient:     Total committed heap usage (bytes)=37044486144
14/06/18 10:31:56 INFO mapred.JobClient:     CPU time spent (ms)=51220
14/06/18 10:31:56 INFO mapred.JobClient:     Map input bytes=10067474
14/06/18 10:31:56 INFO mapred.JobClient:     SPLIT_RAW_BYTES=2032
14/06/18 10:31:56 INFO mapred.JobClient:     Combine input records=386395
14/06/18 10:31:56 INFO mapred.JobClient:     Reduce input records=437
14/06/18 10:31:56 INFO mapred.JobClient:     Reduce input groups=40
14/06/18 10:31:56 INFO mapred.JobClient:     Combine output records=437
14/06/18 10:31:56 INFO mapred.JobClient:     Physical memory (bytes) snapshot=13086810112
14/06/18 10:31:56 INFO mapred.JobClient:     Reduce output records=40
14/06/18 10:31:56 INFO mapred.JobClient:     Virtual memory (bytes) snapshot=45235585024
14/06/18 10:31:56 INFO mapred.JobClient:     Map output records=386395
14/06/18 10:31:56 INFO client.HdfsDataFetchJob: 【com.taomee.bigdata.client.HdfsDataFetchJob is startting...】
/bigdata/output/sum/20140617/active-keep-7/part*
find file: /bigdata/output/sum/20140617/active-keep-7/part-00000
find file: /bigdata/output/sum/20140617/active-keep-7/part-00001
14/06/18 10:31:57 INFO client.HdfsDataFetchJob: 【com.taomee.bigdata.client.HdfsDataFetchJob start successful，Time: 2014-06-18 10:31:57】
Queue file count is: 2
/bigdata/output/sum/20140617/active-keep-7/part-00000 have finished over.
/bigdata/output/sum/20140617/active-keep-7/part-00001 have finished over.
Job has finished at: 2014-06-18 10:31:59, cost(s): 2
args 0 = -jobName
args 1 = Active 14 day Keep 20140617
args 2 = -outKey
args 3 = org.apache.hadoop.io.Text
args 4 = -outValue
args 5 = org.apache.hadoop.io.IntWritable
args 6 = -inFormat
args 7 = org.apache.hadoop.mapred.TextInputFormat
args 8 = -outFormat
args 9 = org.apache.hadoop.mapred.TextOutputFormat
args 10 = -addInput
args 11 = /bigdata/output/day/20140603/basic/lgac-*,com.taomee.bigdata.task.common.SourceActiveMapper
args 12 = -addInput
args 13 = /bigdata/output/day/20140617/basic/lgac-*,com.taomee.bigdata.task.nday.SourceNDay14Mapper
args 14 = -reducerClass
args 15 = com.taomee.bigdata.task.keep.KeepReducer
args 16 = -output
args 17 = /bigdata/output/day/20140617/active-keep-14
val /bigdata/output/day/20140603/basic/lgac-*,com.taomee.bigdata.task.common.SourceActiveMapper
val /bigdata/output/day/20140617/basic/lgac-*,com.taomee.bigdata.task.nday.SourceNDay14Mapper
14/06/18 10:32:01 INFO mapred.FileInputFormat: Total input paths to process : 1
14/06/18 10:32:01 INFO mapred.FileInputFormat: Total input paths to process : 1
14/06/18 10:32:02 INFO mapred.JobClient: Running job: job_201403291134_391939
14/06/18 10:32:03 INFO mapred.JobClient:  map 0% reduce 0%
14/06/18 10:32:16 INFO mapred.JobClient:  map 9% reduce 0%
14/06/18 10:32:18 INFO mapred.JobClient:  map 12% reduce 0%
14/06/18 10:32:19 INFO mapred.JobClient:  map 19% reduce 0%
14/06/18 10:32:20 INFO mapred.JobClient:  map 20% reduce 0%
14/06/18 10:32:21 INFO mapred.JobClient:  map 24% reduce 0%
14/06/18 10:32:22 INFO mapred.JobClient:  map 30% reduce 0%
14/06/18 10:32:23 INFO mapred.JobClient:  map 31% reduce 0%
14/06/18 10:32:24 INFO mapred.JobClient:  map 33% reduce 0%
14/06/18 10:32:25 INFO mapred.JobClient:  map 40% reduce 0%
14/06/18 10:32:26 INFO mapred.JobClient:  map 41% reduce 0%
14/06/18 10:32:27 INFO mapred.JobClient:  map 44% reduce 0%
14/06/18 10:32:28 INFO mapred.JobClient:  map 49% reduce 0%
14/06/18 10:32:30 INFO mapred.JobClient:  map 54% reduce 0%
14/06/18 10:32:31 INFO mapred.JobClient:  map 57% reduce 0%
14/06/18 10:32:32 INFO mapred.JobClient:  map 58% reduce 1%
14/06/18 10:32:33 INFO mapred.JobClient:  map 65% reduce 1%
14/06/18 10:32:34 INFO mapred.JobClient:  map 67% reduce 1%
14/06/18 10:32:36 INFO mapred.JobClient:  map 73% reduce 1%
14/06/18 10:32:37 INFO mapred.JobClient:  map 75% reduce 1%
14/06/18 10:32:39 INFO mapred.JobClient:  map 82% reduce 1%
14/06/18 10:32:41 INFO mapred.JobClient:  map 84% reduce 1%
14/06/18 10:32:43 INFO mapred.JobClient:  map 89% reduce 1%
14/06/18 10:32:44 INFO mapred.JobClient:  map 91% reduce 1%
14/06/18 10:32:46 INFO mapred.JobClient:  map 94% reduce 1%
14/06/18 10:32:47 INFO mapred.JobClient:  map 95% reduce 16%
14/06/18 10:32:48 INFO mapred.JobClient:  map 95% reduce 19%
14/06/18 10:32:49 INFO mapred.JobClient:  map 96% reduce 20%
14/06/18 10:32:50 INFO mapred.JobClient:  map 97% reduce 21%
14/06/18 10:32:52 INFO mapred.JobClient:  map 98% reduce 21%
14/06/18 10:32:55 INFO mapred.JobClient:  map 99% reduce 21%
14/06/18 10:32:56 INFO mapred.JobClient:  map 99% reduce 25%
14/06/18 10:32:57 INFO mapred.JobClient:  map 99% reduce 27%
14/06/18 10:32:58 INFO mapred.JobClient:  map 100% reduce 27%
14/06/18 10:32:59 INFO mapred.JobClient:  map 100% reduce 28%
14/06/18 10:33:02 INFO mapred.JobClient:  map 100% reduce 35%
14/06/18 10:33:03 INFO mapred.JobClient:  map 100% reduce 40%
14/06/18 10:33:04 INFO mapred.JobClient:  map 100% reduce 57%
14/06/18 10:33:05 INFO mapred.JobClient:  map 100% reduce 82%
14/06/18 10:33:06 INFO mapred.JobClient:  map 100% reduce 95%
14/06/18 10:33:07 INFO mapred.JobClient:  map 100% reduce 100%
14/06/18 10:33:07 INFO mapred.JobClient: Job complete: job_201403291134_391939
14/06/18 10:33:07 INFO mapred.JobClient: Counters: 31
14/06/18 10:33:07 INFO mapred.JobClient:   Job Counters 
14/06/18 10:33:07 INFO mapred.JobClient:     Launched reduce tasks=16
14/06/18 10:33:07 INFO mapred.JobClient:     SLOTS_MILLIS_MAPS=668896
14/06/18 10:33:07 INFO mapred.JobClient:     Total time spent by all reduces waiting after reserving slots (ms)=0
14/06/18 10:33:07 INFO mapred.JobClient:     Total time spent by all maps waiting after reserving slots (ms)=0
14/06/18 10:33:07 INFO mapred.JobClient:     Rack-local map tasks=3
14/06/18 10:33:07 INFO mapred.JobClient:     Launched map tasks=18
14/06/18 10:33:07 INFO mapred.JobClient:     Data-local map tasks=15
14/06/18 10:33:07 INFO mapred.JobClient:     SLOTS_MILLIS_REDUCES=642557
14/06/18 10:33:07 INFO mapred.JobClient:   File Input Format Counters 
14/06/18 10:33:07 INFO mapred.JobClient:     Bytes Read=0
14/06/18 10:33:07 INFO mapred.JobClient:   File Output Format Counters 
14/06/18 10:33:07 INFO mapred.JobClient:     Bytes Written=7995189
14/06/18 10:33:07 INFO mapred.JobClient:   FileSystemCounters
14/06/18 10:33:07 INFO mapred.JobClient:     FILE_BYTES_READ=166317252
14/06/18 10:33:07 INFO mapred.JobClient:     HDFS_BYTES_READ=1141104359
14/06/18 10:33:07 INFO mapred.JobClient:     FILE_BYTES_WRITTEN=334749468
14/06/18 10:33:07 INFO mapred.JobClient:     HDFS_BYTES_WRITTEN=8027471
14/06/18 10:33:07 INFO mapred.JobClient:   Map-Reduce Framework
14/06/18 10:33:07 INFO mapred.JobClient:     Map output materialized bytes=166318884
14/06/18 10:33:07 INFO mapred.JobClient:     Map input records=5443451
14/06/18 10:33:07 INFO mapred.JobClient:     Reduce shuffle bytes=166318884
14/06/18 10:33:07 INFO mapred.JobClient:     Spilled Records=10886902
14/06/18 10:33:07 INFO mapred.JobClient:     Map output bytes=155430254
14/06/18 10:33:07 INFO mapred.JobClient:     Total committed heap usage (bytes)=71300087808
14/06/18 10:33:07 INFO mapred.JobClient:     CPU time spent (ms)=741260
14/06/18 10:33:07 INFO mapred.JobClient:     Map input bytes=1141034201
14/06/18 10:33:07 INFO mapred.JobClient:     SPLIT_RAW_BYTES=4622
14/06/18 10:33:07 INFO mapred.JobClient:     Combine input records=0
14/06/18 10:33:07 INFO mapred.JobClient:     Reduce input records=5443451
14/06/18 10:33:07 INFO mapred.JobClient:     Reduce input groups=2326847
14/06/18 10:33:07 INFO mapred.JobClient:     Combine output records=0
14/06/18 10:33:07 INFO mapred.JobClient:     Physical memory (bytes) snapshot=27222163456
14/06/18 10:33:07 INFO mapred.JobClient:     Reduce output records=295830
14/06/18 10:33:07 INFO mapred.JobClient:     Virtual memory (bytes) snapshot=85783625728
14/06/18 10:33:07 INFO mapred.JobClient:     Map output records=5443451
input path = /bigdata/output/day/20140617/active-keep-14/part-*
output path = /bigdata/output/sum/20140617/active-keep-14
set combiner class class com.taomee.bigdata.task.nday.NDaySumCombiner
14/06/18 10:33:09 INFO mapred.FileInputFormat: Total input paths to process : 16
14/06/18 10:33:10 INFO mapred.JobClient: Running job: job_201403291134_391942
14/06/18 10:33:11 INFO mapred.JobClient:  map 0% reduce 0%
14/06/18 10:33:17 INFO mapred.JobClient:  map 6% reduce 0%
14/06/18 10:33:18 INFO mapred.JobClient:  map 68% reduce 0%
14/06/18 10:33:19 INFO mapred.JobClient:  map 93% reduce 0%
14/06/18 10:33:20 INFO mapred.JobClient:  map 100% reduce 0%
14/06/18 10:33:25 INFO mapred.JobClient:  map 100% reduce 33%
14/06/18 10:33:27 INFO mapred.JobClient:  map 100% reduce 66%
14/06/18 10:33:28 INFO mapred.JobClient:  map 100% reduce 100%
14/06/18 10:33:28 INFO mapred.JobClient: Job complete: job_201403291134_391942
14/06/18 10:33:28 INFO mapred.JobClient: Counters: 31
14/06/18 10:33:28 INFO mapred.JobClient:   Job Counters 
14/06/18 10:33:28 INFO mapred.JobClient:     Launched reduce tasks=2
14/06/18 10:33:28 INFO mapred.JobClient:     SLOTS_MILLIS_MAPS=53784
14/06/18 10:33:28 INFO mapred.JobClient:     Total time spent by all reduces waiting after reserving slots (ms)=0
14/06/18 10:33:28 INFO mapred.JobClient:     Total time spent by all maps waiting after reserving slots (ms)=0
14/06/18 10:33:28 INFO mapred.JobClient:     Rack-local map tasks=1
14/06/18 10:33:28 INFO mapred.JobClient:     Launched map tasks=16
14/06/18 10:33:28 INFO mapred.JobClient:     Data-local map tasks=15
14/06/18 10:33:28 INFO mapred.JobClient:     SLOTS_MILLIS_REDUCES=20081
14/06/18 10:33:28 INFO mapred.JobClient:   File Input Format Counters 
14/06/18 10:33:28 INFO mapred.JobClient:     Bytes Read=7995189
14/06/18 10:33:28 INFO mapred.JobClient:   File Output Format Counters 
14/06/18 10:33:28 INFO mapred.JobClient:     Bytes Written=947
14/06/18 10:33:28 INFO mapred.JobClient:   FileSystemCounters
14/06/18 10:33:28 INFO mapred.JobClient:     FILE_BYTES_READ=11577
14/06/18 10:33:28 INFO mapred.JobClient:     HDFS_BYTES_READ=7997237
14/06/18 10:33:28 INFO mapred.JobClient:     FILE_BYTES_WRITTEN=1135512
14/06/18 10:33:28 INFO mapred.JobClient:     HDFS_BYTES_WRITTEN=947
14/06/18 10:33:28 INFO mapred.JobClient:   Map-Reduce Framework
14/06/18 10:33:28 INFO mapred.JobClient:     Map output materialized bytes=11757
14/06/18 10:33:28 INFO mapred.JobClient:     Map input records=295830
14/06/18 10:33:28 INFO mapred.JobClient:     Reduce shuffle bytes=11757
14/06/18 10:33:28 INFO mapred.JobClient:     Spilled Records=1144
14/06/18 10:33:28 INFO mapred.JobClient:     Map output bytes=4788862
14/06/18 10:33:28 INFO mapred.JobClient:     Total committed heap usage (bytes)=37044486144
14/06/18 10:33:28 INFO mapred.JobClient:     CPU time spent (ms)=48980
14/06/18 10:33:28 INFO mapred.JobClient:     Map input bytes=7995189
14/06/18 10:33:28 INFO mapred.JobClient:     SPLIT_RAW_BYTES=2048
14/06/18 10:33:28 INFO mapred.JobClient:     Combine input records=295830
14/06/18 10:33:28 INFO mapred.JobClient:     Reduce input records=572
14/06/18 10:33:28 INFO mapred.JobClient:     Reduce input groups=51
14/06/18 10:33:28 INFO mapred.JobClient:     Combine output records=572
14/06/18 10:33:28 INFO mapred.JobClient:     Physical memory (bytes) snapshot=12461580288
14/06/18 10:33:28 INFO mapred.JobClient:     Reduce output records=51
14/06/18 10:33:28 INFO mapred.JobClient:     Virtual memory (bytes) snapshot=45222125568
14/06/18 10:33:28 INFO mapred.JobClient:     Map output records=295830
14/06/18 10:33:29 INFO client.HdfsDataFetchJob: 【com.taomee.bigdata.client.HdfsDataFetchJob is startting...】
/bigdata/output/sum/20140617/active-keep-14/part*
find file: /bigdata/output/sum/20140617/active-keep-14/part-00000
find file: /bigdata/output/sum/20140617/active-keep-14/part-00001
14/06/18 10:33:30 INFO client.HdfsDataFetchJob: 【com.taomee.bigdata.client.HdfsDataFetchJob start successful，Time: 2014-06-18 10:33:30】
Queue file count is: 2
/bigdata/output/sum/20140617/active-keep-14/part-00000 have finished over.
/bigdata/output/sum/20140617/active-keep-14/part-00001 have finished over.
Job has finished at: 2014-06-18 10:33:33, cost(s): 2
